This file contains any messages produced by compilers while
running configure, to aid debugging if configure makes a mistake.

It was created by my_project configure 1.0, which was
generated by GNU Autoconf 2.72.  Invocation command line was

  $ ./configure

## --------- ##
## Platform. ##
## --------- ##

hostname = LAPTOP-UOOJIBFB
uname -m = x86_64
uname -r = 3.4.10.x86_64
uname -s = MINGW64_NT-10.0-22631
uname -v = 2023-12-22 10:06 UTC

/usr/bin/uname -p = unknown
/bin/uname -X     = unknown

/bin/arch              = x86_64
/usr/bin/arch -k       = unknown
/usr/convex/getsysinfo = unknown
/usr/bin/hostinfo      = unknown
/bin/machine           = unknown
/usr/bin/oslevel       = unknown
/bin/universe          = unknown

PATH: /mingw64/bin/
PATH: /usr/local/bin/
PATH: /usr/bin/
PATH: /bin/
PATH: /c/Windows/System32/
PATH: /c/Windows/
PATH: /c/Windows/System32/Wbem/
PATH: /c/Windows/System32/WindowsPowerShell/v1.0/
PATH: /usr/bin/site_perl/
PATH: /usr/bin/vendor_perl/
PATH: /usr/bin/core_perl/


## ----------- ##
## Core tests. ##
## ----------- ##

configure:1765: loading site script /etc/config.site
| # This file is in public domain.
| # Original author: Karlson2k (Evgeny Grin)
| # Written for MSys2 to help running 'configure' scripts
| 
| # Defaults for MSys2/MinGW64-targeted programs
| 
| # Set proper selfname on bash and fallback to default name on other shells
| test -n "${BASH_SOURCE}" 2>/dev/null && config_site_me="${BASH_SOURCE[0]##*/}" || config_site_me=config.site
| 
| # Set default 'host' to speedup configure
| if test -z "$build_alias"; then
|   build_alias="${MSYSTEM_CHOST}"  && \
|     ${as_echo-echo} "$config_site_me:${as_lineno-$LINENO}: default build_alias set to $build_alias" >&5
| fi
| 
| # Set default 'prefix'
| if ( test -z "$prefix" || test "x$prefix" = "xNONE" ) && \
|     ( test -z "$exec_prefix" || test "x$exec_prefix" = "xNONE" ); then
|   prefix="${MSYSTEM_PREFIX}" && \
|     ${as_echo-echo} "$config_site_me:${as_lineno-$LINENO}: default prefix set to $prefix" >&5
| fi
config.site:13: default build_alias set to x86_64-w64-mingw32
config.site:20: default prefix set to /mingw64
configure:2132: looking for aux files: compile missing install-sh
configure:2145:  trying ./
configure:2174:   ./compile found
configure:2174:   ./missing found
configure:2156:   ./install-sh found
configure:2304: checking for a BSD-compatible install
configure:2378: result: /usr/bin/install -c
configure:2389: checking whether build environment is sane
configure:2444: result: yes
configure:2605: checking for a race-free mkdir -p
configure:2648: result: /usr/bin/mkdir -p
configure:2655: checking for gawk
configure:2676: found /usr/bin/gawk
configure:2688: result: gawk
configure:2699: checking whether make sets $(MAKE)
configure:2723: result: yes
configure:2753: checking whether make supports nested variables
configure:2772: result: yes
configure:2976: checking for gcc
configure:2997: found /mingw64/bin/gcc
configure:3009: result: gcc
configure:3368: checking for C compiler version
configure:3377: gcc --version >&5
gcc.exe (Rev3, Built by MSYS2 project) 13.2.0
Copyright (C) 2023 Free Software Foundation, Inc.
This is free software; see the source for copying conditions.  There is NO
warranty; not even for MERCHANTABILITY or FITNESS FOR A PARTICULAR PURPOSE.

configure:3388: $? = 0
configure:3377: gcc -v >&5
Using built-in specs.
COLLECT_GCC=E:\MSYS2\setuped\mingw64\bin\gcc.exe
COLLECT_LTO_WRAPPER=E:/MSYS2/setuped/mingw64/bin/../lib/gcc/x86_64-w64-mingw32/13.2.0/lto-wrapper.exe
Target: x86_64-w64-mingw32
Configured with: ../gcc-13.2.0/configure --prefix=/mingw64 --with-local-prefix=/mingw64/local --build=x86_64-w64-mingw32 --host=x86_64-w64-mingw32 --target=x86_64-w64-mingw32 --with-native-system-header-dir=/mingw64/include --libexecdir=/mingw64/lib --enable-bootstrap --enable-checking=release --with-arch=nocona --with-tune=generic --enable-languages=c,lto,c++,fortran,ada,objc,obj-c++,jit --enable-shared --enable-static --enable-libatomic --enable-threads=posix --enable-graphite --enable-fully-dynamic-string --enable-libstdcxx-filesystem-ts --enable-libstdcxx-time --disable-libstdcxx-pch --enable-lto --enable-libgomp --disable-libssp --disable-multilib --disable-rpath --disable-win32-registry --disable-nls --disable-werror --disable-symvers --with-libiconv --with-system-zlib --with-gmp=/mingw64 --with-mpfr=/mingw64 --with-mpc=/mingw64 --with-isl=/mingw64 --with-pkgversion='Rev3, Built by MSYS2 project' --with-bugurl=https://github.com/msys2/MINGW-packages/issues --with-gnu-as --with-gnu-ld --disable-libstdcxx-debug --with-boot-ldflags=-static-libstdc++ --with-stage1-ldflags=-static-libstdc++
Thread model: posix
Supported LTO compression algorithms: zlib zstd
gcc version 13.2.0 (Rev3, Built by MSYS2 project) 
configure:3388: $? = 0
configure:3377: gcc -V >&5
gcc.exe: error: unrecognized command-line option '-V'
gcc.exe: fatal error: no input files
compilation terminated.
configure:3388: $? = 1
configure:3377: gcc -qversion >&5
gcc.exe: error: unrecognized command-line option '-qversion'; did you mean '--version'?
gcc.exe: fatal error: no input files
compilation terminated.
configure:3388: $? = 1
configure:3377: gcc -version >&5
gcc.exe: error: unrecognized command-line option '-version'
gcc.exe: fatal error: no input files
compilation terminated.
configure:3388: $? = 1
configure:3408: checking whether the C compiler works
configure:3430: gcc    conftest.c  >&5
configure:3434: $? = 0
configure:3485: result: yes
configure:3489: checking for C compiler default output file name
configure:3491: result: a.exe
configure:3497: checking for suffix of executables
configure:3504: gcc -o conftest.exe    conftest.c  >&5
configure:3508: $? = 0
configure:3532: result: .exe
configure:3556: checking whether we are cross compiling
configure:3564: gcc -o conftest.exe    conftest.c  >&5
configure:3568: $? = 0
configure:3575: ./conftest.exe
configure:3579: $? = 0
configure:3594: result: no
configure:3600: checking for suffix of object files
configure:3623: gcc -c   conftest.c >&5
configure:3627: $? = 0
configure:3651: result: o
configure:3655: checking whether the compiler supports GNU C
configure:3675: gcc -c   conftest.c >&5
configure:3675: $? = 0
configure:3687: result: yes
configure:3698: checking whether gcc accepts -g
configure:3719: gcc -c -g  conftest.c >&5
configure:3719: $? = 0
configure:3766: result: yes
configure:3786: checking for gcc option to enable C11 features
configure:3801: gcc  -c -g -O2  conftest.c >&5
configure:3801: $? = 0
configure:3820: result: none needed
configure:3944: checking whether gcc understands -c and -o together
configure:3967: gcc -c conftest.c -o conftest2.o
configure:3970: $? = 0
configure:3967: gcc -c conftest.c -o conftest2.o
configure:3970: $? = 0
configure:3983: result: yes
configure:4003: checking whether make supports the include directive
configure:4018: make -f confmf.GNU && cat confinc.out
this is the am__doit target
configure:4021: $? = 0
configure:4040: result: yes (GNU style)
configure:4066: checking dependency style of gcc
configure:4179: result: gcc3
configure:4256: checking for pkg-config
configure:4279: found /mingw64/bin/pkg-config
configure:4292: result: /mingw64/bin/pkg-config
configure:4317: checking pkg-config is at least version 0.9.0
configure:4320: result: yes
configure:4330: checking for gtk4
configure:4337: $PKG_CONFIG --exists --print-errors "gtk4"
configure:4340: $? = 0
configure:4354: $PKG_CONFIG --exists --print-errors "gtk4"
configure:4357: $? = 0
configure:4415: result: yes
configure:4524: checking that generated files are newer than configure
configure:4530: result: done
configure:4553: creating ./config.status

## ---------------------- ##
## Running config.status. ##
## ---------------------- ##

This file was extended by my_project config.status 1.0, which was
generated by GNU Autoconf 2.72.  Invocation command line was

  CONFIG_FILES    = 
  CONFIG_HEADERS  = 
  CONFIG_LINKS    = 
  CONFIG_COMMANDS = 
  $ ./config.status 

on LAPTOP-UOOJIBFB

config.status:852: creating Makefile
config.status:852: creating src/Makefile
config.status:852: creating config.h
config.status:1033: config.h is unchanged
config.status:1081: executing depfiles commands
config.status:1158: cd src       && sed -e '/# am--include-marker/d' Makefile         | make -f - am--depfiles
make: Nothing to be done for 'am--depfiles'.
config.status:1163: $? = 0
configure:5874: checking for gtk4
configure:5881: $PKG_CONFIG --exists --print-errors "gtk4"
configure:5884: $? = 0
configure:5898: $PKG_CONFIG --exists --print-errors "gtk4"
configure:5901: $? = 0
configure:5959: result: yes

## ---------------- ##
## Cache variables. ##
## ---------------- ##

ac_cv_c_compiler_gnu=yes
ac_cv_env_CC_set=
ac_cv_env_CC_value=
ac_cv_env_CFLAGS_set=
ac_cv_env_CFLAGS_value=
ac_cv_env_CPPFLAGS_set=
ac_cv_env_CPPFLAGS_value=
ac_cv_env_GTK4_CFLAGS_set=
ac_cv_env_GTK4_CFLAGS_value=
ac_cv_env_GTK4_LIBS_set=
ac_cv_env_GTK4_LIBS_value=
ac_cv_env_GTK_CFLAGS_set=
ac_cv_env_GTK_CFLAGS_value=
ac_cv_env_GTK_LIBS_set=
ac_cv_env_GTK_LIBS_value=
ac_cv_env_LDFLAGS_set=
ac_cv_env_LDFLAGS_value=
ac_cv_env_LIBS_set=
ac_cv_env_LIBS_value=
ac_cv_env_PKG_CONFIG_LIBDIR_set=
ac_cv_env_PKG_CONFIG_LIBDIR_value=
ac_cv_env_PKG_CONFIG_PATH_set=set
ac_cv_env_PKG_CONFIG_PATH_value=/mingw64/lib/pkgconfig:/mingw64/share/pkgconfig
ac_cv_env_PKG_CONFIG_set=
ac_cv_env_PKG_CONFIG_value=
ac_cv_env_build_alias_set=
ac_cv_env_build_alias_value=
ac_cv_env_host_alias_set=
ac_cv_env_host_alias_value=
ac_cv_env_target_alias_set=
ac_cv_env_target_alias_value=
ac_cv_exeext=.exe
ac_cv_objext=o
ac_cv_path_ac_pt_PKG_CONFIG=/mingw64/bin/pkg-config
ac_cv_path_install='/usr/bin/install -c'
ac_cv_path_mkdir=/usr/bin/mkdir
ac_cv_prog_AWK=gawk
ac_cv_prog_ac_ct_CC=gcc
ac_cv_prog_cc_c11=
ac_cv_prog_cc_g=yes
ac_cv_prog_cc_stdc=
ac_cv_prog_make_make_set=yes
am_cv_CC_dependencies_compiler_type=gcc3
am_cv_make_support_nested_variables=yes
am_cv_prog_cc_c_o=yes
pkg_cv_GTK4_CFLAGS='-IE:/MSYS2/setuped/mingw64/include/gtk-4.0 -IE:/MSYS2/setuped/mingw64/include/pango-1.0 -IE:/MSYS2/setuped/mingw64/include/gdk-pixbuf-2.0 -IE:/MSYS2/setuped/mingw64/include/cairo -IE:/MSYS2/setuped/mingw64/include/harfbuzz -IE:/MSYS2/setuped/mingw64/include/freetype2 -IE:/MSYS2/setuped/mingw64/include/graphene-1.0 -IE:/MSYS2/setuped/mingw64/lib/graphene-1.0/include -mfpmath=sse -msse -msse2 -IE:/MSYS2/setuped/mingw64/include/glib-2.0 -IE:/MSYS2/setuped/mingw64/lib/glib-2.0/include -IE:/MSYS2/setuped/mingw64/include/fribidi -IE:/MSYS2/setuped/mingw64/include/webp -DLIBDEFLATE_DLL -IE:/MSYS2/setuped/mingw64/include/libpng16 -IE:/MSYS2/setuped/mingw64/include/pixman-1'
pkg_cv_GTK4_LIBS='-lgtk-4 -lpangowin32-1.0 -lpangocairo-1.0 -lpango-1.0 -lharfbuzz -lgdk_pixbuf-2.0 -lcairo-gobject -lcairo -lgraphene-1.0 -lgio-2.0 -lgobject-2.0 -lglib-2.0 -lintl'
pkg_cv_GTK_CFLAGS='-IE:/MSYS2/setuped/mingw64/include/gtk-4.0 -IE:/MSYS2/setuped/mingw64/include/pango-1.0 -IE:/MSYS2/setuped/mingw64/include/gdk-pixbuf-2.0 -IE:/MSYS2/setuped/mingw64/include/cairo -IE:/MSYS2/setuped/mingw64/include/harfbuzz -IE:/MSYS2/setuped/mingw64/include/freetype2 -IE:/MSYS2/setuped/mingw64/include/graphene-1.0 -IE:/MSYS2/setuped/mingw64/lib/graphene-1.0/include -mfpmath=sse -msse -msse2 -IE:/MSYS2/setuped/mingw64/include/glib-2.0 -IE:/MSYS2/setuped/mingw64/lib/glib-2.0/include -IE:/MSYS2/setuped/mingw64/include/fribidi -IE:/MSYS2/setuped/mingw64/include/webp -DLIBDEFLATE_DLL -IE:/MSYS2/setuped/mingw64/include/libpng16 -IE:/MSYS2/setuped/mingw64/include/pixman-1'
pkg_cv_GTK_LIBS='-lgtk-4 -lpangowin32-1.0 -lpangocairo-1.0 -lpango-1.0 -lharfbuzz -lgdk_pixbuf-2.0 -lcairo-gobject -lcairo -lgraphene-1.0 -lgio-2.0 -lgobject-2.0 -lglib-2.0 -lintl'

## ----------------- ##
## Output variables. ##
## ----------------- ##

ACLOCAL='${SHELL} '\''/e/autoProset/dev/missing'\'' aclocal-1.16'
AMDEPBACKSLASH='\'
AMDEP_FALSE='#'
AMDEP_TRUE=''
AMTAR='$${TAR-tar}'
AM_BACKSLASH='\'
AM_DEFAULT_V='$(AM_DEFAULT_VERBOSITY)'
AM_DEFAULT_VERBOSITY='1'
AM_V='$(V)'
AUTOCONF='${SHELL} '\''/e/autoProset/dev/missing'\'' autoconf'
AUTOHEADER='${SHELL} '\''/e/autoProset/dev/missing'\'' autoheader'
AUTOMAKE='${SHELL} '\''/e/autoProset/dev/missing'\'' automake-1.16'
AWK='gawk'
CC='gcc'
CCDEPMODE='depmode=gcc3'
CFLAGS='-g -O2'
CPPFLAGS=''
CSCOPE='cscope'
CTAGS='ctags'
CYGPATH_W='cygpath -w'
DEFS='-DHAVE_CONFIG_H'
DEPDIR='.deps'
ECHO_C=''
ECHO_N='-n'
ECHO_T=''
ETAGS='etags'
EXEEXT='.exe'
GTK4_CFLAGS='-IE:/MSYS2/setuped/mingw64/include/gtk-4.0 -IE:/MSYS2/setuped/mingw64/include/pango-1.0 -IE:/MSYS2/setuped/mingw64/include/gdk-pixbuf-2.0 -IE:/MSYS2/setuped/mingw64/include/cairo -IE:/MSYS2/setuped/mingw64/include/harfbuzz -IE:/MSYS2/setuped/mingw64/include/freetype2 -IE:/MSYS2/setuped/mingw64/include/graphene-1.0 -IE:/MSYS2/setuped/mingw64/lib/graphene-1.0/include -mfpmath=sse -msse -msse2 -IE:/MSYS2/setuped/mingw64/include/glib-2.0 -IE:/MSYS2/setuped/mingw64/lib/glib-2.0/include -IE:/MSYS2/setuped/mingw64/include/fribidi -IE:/MSYS2/setuped/mingw64/include/webp -DLIBDEFLATE_DLL -IE:/MSYS2/setuped/mingw64/include/libpng16 -IE:/MSYS2/setuped/mingw64/include/pixman-1'
GTK4_LIBS='-lgtk-4 -lpangowin32-1.0 -lpangocairo-1.0 -lpango-1.0 -lharfbuzz -lgdk_pixbuf-2.0 -lcairo-gobject -lcairo -lgraphene-1.0 -lgio-2.0 -lgobject-2.0 -lglib-2.0 -lintl'
GTK_CFLAGS='-IE:/MSYS2/setuped/mingw64/include/gtk-4.0 -IE:/MSYS2/setuped/mingw64/include/pango-1.0 -IE:/MSYS2/setuped/mingw64/include/gdk-pixbuf-2.0 -IE:/MSYS2/setuped/mingw64/include/cairo -IE:/MSYS2/setuped/mingw64/include/harfbuzz -IE:/MSYS2/setuped/mingw64/include/freetype2 -IE:/MSYS2/setuped/mingw64/include/graphene-1.0 -IE:/MSYS2/setuped/mingw64/lib/graphene-1.0/include -mfpmath=sse -msse -msse2 -IE:/MSYS2/setuped/mingw64/include/glib-2.0 -IE:/MSYS2/setuped/mingw64/lib/glib-2.0/include -IE:/MSYS2/setuped/mingw64/include/fribidi -IE:/MSYS2/setuped/mingw64/include/webp -DLIBDEFLATE_DLL -IE:/MSYS2/setuped/mingw64/include/libpng16 -IE:/MSYS2/setuped/mingw64/include/pixman-1'
GTK_LIBS='-lgtk-4 -lpangowin32-1.0 -lpangocairo-1.0 -lpango-1.0 -lharfbuzz -lgdk_pixbuf-2.0 -lcairo-gobject -lcairo -lgraphene-1.0 -lgio-2.0 -lgobject-2.0 -lglib-2.0 -lintl'
INSTALL_DATA='${INSTALL} -m 644'
INSTALL_PROGRAM='${INSTALL}'
INSTALL_SCRIPT='${INSTALL}'
INSTALL_STRIP_PROGRAM='$(install_sh) -c -s'
LDFLAGS=''
LIBOBJS=''
LIBS=''
LTLIBOBJS=''
MAKEINFO='${SHELL} '\''/e/autoProset/dev/missing'\'' makeinfo'
MKDIR_P='/usr/bin/mkdir -p'
OBJEXT='o'
PACKAGE='my_project'
PACKAGE_BUGREPORT='youremail@example.com'
PACKAGE_NAME='my_project'
PACKAGE_STRING='my_project 1.0'
PACKAGE_TARNAME='my_project'
PACKAGE_URL=''
PACKAGE_VERSION='1.0'
PATH_SEPARATOR=':'
PKG_CONFIG='/mingw64/bin/pkg-config'
PKG_CONFIG_LIBDIR=''
PKG_CONFIG_PATH='/mingw64/lib/pkgconfig:/mingw64/share/pkgconfig'
SET_MAKE=''
SHELL='/bin/sh'
STRIP=''
VERSION='1.0'
ac_ct_CC='gcc'
am__EXEEXT_FALSE='#'
am__EXEEXT_TRUE=''
am__fastdepCC_FALSE='#'
am__fastdepCC_TRUE=''
am__include='include'
am__isrc=''
am__leading_dot='.'
am__nodep='_no'
am__quote=''
am__tar='$${TAR-tar} chof - "$$tardir"'
am__untar='$${TAR-tar} xf -'
bindir='${exec_prefix}/bin'
build_alias='x86_64-w64-mingw32'
datadir='${datarootdir}'
datarootdir='${prefix}/share'
docdir='${datarootdir}/doc/${PACKAGE_TARNAME}'
dvidir='${docdir}'
exec_prefix='${prefix}'
host_alias=''
htmldir='${docdir}'
includedir='${prefix}/include'
infodir='${datarootdir}/info'
install_sh='${SHELL} /e/autoProset/dev/install-sh'
libdir='${exec_prefix}/lib'
libexecdir='${exec_prefix}/libexec'
localedir='${datarootdir}/locale'
localstatedir='${prefix}/var'
mandir='${datarootdir}/man'
mkdir_p='$(MKDIR_P)'
oldincludedir='/usr/include'
pdfdir='${docdir}'
prefix='/mingw64'
program_transform_name='s,x,x,'
psdir='${docdir}'
runstatedir='${localstatedir}/run'
sbindir='${exec_prefix}/sbin'
sharedstatedir='${prefix}/com'
sysconfdir='${prefix}/etc'
target_alias=''

## ----------- ##
## confdefs.h. ##
## ----------- ##

/* confdefs.h */
#define PACKAGE_NAME "my_project"
#define PACKAGE_TARNAME "my_project"
#define PACKAGE_VERSION "1.0"
#define PACKAGE_STRING "my_project 1.0"
#define PACKAGE_BUGREPORT "youremail@example.com"
#define PACKAGE_URL ""
#define PACKAGE "my_project"
#define VERSION "1.0"

configure: exit 0
